gamma = 0.990000 
alpha = 0.001000 
beta = 0.010000 
eta = 0.010000 
num_hidden_neurons = 200 
initialize_weights_using_checkpoint = 0 
random_seed = 0.000000 

2017-09-19 01:08:43.387091
trajectory = 10 
mean W1 = 0.000009 
mean W2 = 0.004212 
std dev W1 = 0.014138 
std dev W2 = 0.070420 
min W2 = -0.181575 
max W2 = 0.184712 
p = 0.401518 

2017-09-19 01:08:55.164208
trajectory = 20 
mean W1 = 0.000036 
mean W2 = 0.000152 
std dev W1 = 0.014933 
std dev W2 = 0.069676 
min W2 = -0.191572 
max W2 = 0.181795 
p = 0.486447 

2017-09-19 01:09:06.053834
trajectory = 30 
mean W1 = 0.000034 
mean W2 = -0.006244 
std dev W1 = 0.015553 
std dev W2 = 0.070136 
min W2 = -0.201549 
max W2 = 0.176425 
p = 0.402230 

2017-09-19 01:09:18.119397
trajectory = 40 
mean W1 = 0.000022 
mean W2 = -0.004522 
std dev W1 = 0.016155 
std dev W2 = 0.072041 
min W2 = -0.194328 
max W2 = 0.184983 
p = 0.470886 

2017-09-19 01:09:30.265454
trajectory = 50 
mean W1 = 0.000037 
mean W2 = -0.003157 
std dev W1 = 0.016690 
std dev W2 = 0.070777 
min W2 = -0.191206 
max W2 = 0.185748 
p = 0.550233 

2017-09-19 01:09:42.745562
trajectory = 60 
mean W1 = 0.000032 
mean W2 = -0.008404 
std dev W1 = 0.017198 
std dev W2 = 0.073076 
min W2 = -0.199390 
max W2 = 0.179571 
p = 0.333347 

2017-09-19 01:09:54.708693
trajectory = 70 
mean W1 = 0.000040 
mean W2 = -0.006499 
std dev W1 = 0.017556 
std dev W2 = 0.072768 
min W2 = -0.195607 
max W2 = 0.185815 
p = 0.205142 

2017-09-19 01:10:07.316685
trajectory = 80 
mean W1 = 0.000024 
mean W2 = -0.010137 
std dev W1 = 0.017874 
std dev W2 = 0.072226 
min W2 = -0.201040 
max W2 = 0.179452 
p = 0.495002 

2017-09-19 01:10:18.592191
trajectory = 90 
mean W1 = 0.000023 
mean W2 = -0.008395 
std dev W1 = 0.018067 
std dev W2 = 0.073340 
min W2 = -0.198917 
max W2 = 0.183254 
p = 0.529393 

2017-09-19 01:10:31.271141
trajectory = 100 
mean W1 = 0.000023 
mean W2 = -0.006365 
std dev W1 = 0.018347 
std dev W2 = 0.075377 
min W2 = -0.200133 
max W2 = 0.184756 
p = 0.447136 

2017-09-19 01:10:45.121851
trajectory = 110 
mean W1 = 0.000025 
mean W2 = -0.004061 
std dev W1 = 0.018548 
std dev W2 = 0.075594 
min W2 = -0.200131 
max W2 = 0.189079 
p = 0.399372 

2017-09-19 01:10:57.864439
trajectory = 120 
mean W1 = 0.000027 
mean W2 = -0.003191 
std dev W1 = 0.018769 
std dev W2 = 0.075581 
min W2 = -0.197236 
max W2 = 0.191163 
p = 0.299603 

2017-09-19 01:11:10.596769
trajectory = 130 
mean W1 = 0.000037 
mean W2 = -0.005278 
std dev W1 = 0.019003 
std dev W2 = 0.077735 
min W2 = -0.198576 
max W2 = 0.194275 
p = 0.570008 

2017-09-19 01:11:23.500515
trajectory = 140 
mean W1 = 0.000044 
mean W2 = -0.004559 
std dev W1 = 0.019210 
std dev W2 = 0.081140 
min W2 = -0.203056 
max W2 = 0.196219 
p = 0.191250 

2017-09-19 01:11:36.731999
trajectory = 150 
mean W1 = 0.000048 
mean W2 = -0.005296 
std dev W1 = 0.019407 
std dev W2 = 0.080226 
min W2 = -0.204515 
max W2 = 0.193952 
p = 0.173940 

2017-09-19 01:11:50.774174
trajectory = 160 
mean W1 = 0.000053 
mean W2 = -0.004532 
std dev W1 = 0.019671 
std dev W2 = 0.080534 
min W2 = -0.201267 
max W2 = 0.197094 
p = 0.178245 

2017-09-19 01:12:04.722499
trajectory = 170 
mean W1 = 0.000050 
mean W2 = -0.005530 
std dev W1 = 0.019858 
std dev W2 = 0.081776 
min W2 = -0.202201 
max W2 = 0.198671 
p = 0.727508 

2017-09-19 01:12:17.064769
trajectory = 180 
mean W1 = 0.000050 
mean W2 = -0.004800 
std dev W1 = 0.019996 
std dev W2 = 0.082251 
min W2 = -0.201267 
max W2 = 0.200616 
p = 0.573729 

2017-09-19 01:12:30.779057
trajectory = 190 
mean W1 = 0.000045 
mean W2 = -0.003820 
std dev W1 = 0.020109 
std dev W2 = 0.082548 
min W2 = -0.198914 
max W2 = 0.201203 
p = 0.373919 

2017-09-19 01:12:43.060439
trajectory = 200 
mean W1 = 0.000048 
mean W2 = -0.002327 
std dev W1 = 0.020196 
std dev W2 = 0.083520 
min W2 = -0.200005 
max W2 = 0.205535 
p = 0.602569 

2017-09-19 01:12:57.266984
trajectory = 210 
mean W1 = 0.000048 
mean W2 = -0.006799 
std dev W1 = 0.020367 
std dev W2 = 0.083790 
min W2 = -0.204908 
max W2 = 0.202115 
p = 0.379461 

2017-09-19 01:13:10.660231
trajectory = 220 
mean W1 = 0.000047 
mean W2 = -0.006284 
std dev W1 = 0.020487 
std dev W2 = 0.083520 
min W2 = -0.206919 
max W2 = 0.201212 
p = 0.513372 

2017-09-19 01:13:23.749539
trajectory = 230 
mean W1 = 0.000039 
mean W2 = -0.006582 
std dev W1 = 0.020611 
std dev W2 = 0.084078 
min W2 = -0.207717 
max W2 = 0.199197 
p = 0.360105 

2017-09-19 01:13:36.442051
trajectory = 240 
mean W1 = 0.000044 
mean W2 = -0.006199 
std dev W1 = 0.020695 
std dev W2 = 0.084689 
min W2 = -0.209914 
max W2 = 0.200159 
p = 0.009525 

2017-09-19 01:13:51.049027
trajectory = 250 
mean W1 = 0.000047 
mean W2 = -0.006713 
std dev W1 = 0.020812 
std dev W2 = 0.086215 
min W2 = -0.213025 
max W2 = 0.199429 
p = 0.613753 

2017-09-19 01:14:05.719021
trajectory = 260 
mean W1 = 0.000043 
mean W2 = -0.006430 
std dev W1 = 0.020932 
std dev W2 = 0.086165 
min W2 = -0.214478 
max W2 = 0.199566 
p = 0.385002 

2017-09-19 01:14:18.778667
trajectory = 270 
mean W1 = 0.000052 
mean W2 = -0.007447 
std dev W1 = 0.021025 
std dev W2 = 0.085874 
min W2 = -0.214068 
max W2 = 0.198580 
p = 0.174085 

2017-09-19 01:14:32.886369
trajectory = 280 
mean W1 = 0.000055 
mean W2 = -0.008084 
std dev W1 = 0.021156 
std dev W2 = 0.087262 
min W2 = -0.218253 
max W2 = 0.199314 
p = 0.682940 

2017-09-19 01:14:47.497121
trajectory = 290 
mean W1 = 0.000058 
mean W2 = -0.008481 
std dev W1 = 0.021276 
std dev W2 = 0.086682 
min W2 = -0.216063 
max W2 = 0.199180 
p = 0.357933 

2017-09-19 01:15:01.407717
trajectory = 300 
mean W1 = 0.000057 
mean W2 = -0.006899 
std dev W1 = 0.021367 
std dev W2 = 0.086889 
min W2 = -0.211682 
max W2 = 0.202099 
p = 0.606099 

2017-09-19 01:15:16.642327
trajectory = 310 
mean W1 = 0.000060 
mean W2 = -0.008762 
std dev W1 = 0.021465 
std dev W2 = 0.088338 
min W2 = -0.215297 
max W2 = 0.200978 
p = 0.112759 

2017-09-19 01:15:31.482016
trajectory = 320 
mean W1 = 0.000060 
mean W2 = -0.011330 
std dev W1 = 0.021605 
std dev W2 = 0.089734 
min W2 = -0.218994 
max W2 = 0.198621 
p = 0.083791 

2017-09-19 01:15:44.956331
trajectory = 330 
mean W1 = 0.000061 
mean W2 = -0.010799 
std dev W1 = 0.021666 
std dev W2 = 0.089996 
min W2 = -0.218621 
max W2 = 0.199412 
p = 0.337498 

2017-09-19 01:15:58.638929
trajectory = 340 
mean W1 = 0.000064 
mean W2 = -0.008931 
std dev W1 = 0.021740 
std dev W2 = 0.091222 
min W2 = -0.217228 
max W2 = 0.204141 
p = 0.367714 

2017-09-19 01:16:13.021039
trajectory = 350 
mean W1 = 0.000067 
mean W2 = -0.009358 
std dev W1 = 0.021839 
std dev W2 = 0.092309 
min W2 = -0.219627 
max W2 = 0.207015 
p = 0.115565 

2017-09-19 01:16:28.704982
trajectory = 360 
mean W1 = 0.000065 
mean W2 = -0.007718 
std dev W1 = 0.021954 
std dev W2 = 0.093135 
min W2 = -0.218459 
max W2 = 0.210804 
p = 0.705901 

2017-09-19 01:16:44.082213
trajectory = 370 
mean W1 = 0.000064 
mean W2 = -0.007320 
std dev W1 = 0.022034 
std dev W2 = 0.092778 
min W2 = -0.216941 
max W2 = 0.209779 
p = 0.011129 

2017-09-19 01:16:59.083445
trajectory = 380 
mean W1 = 0.000068 
mean W2 = -0.007146 
std dev W1 = 0.022141 
std dev W2 = 0.094407 
min W2 = -0.218337 
max W2 = 0.212595 
p = 0.498429 

2017-09-19 01:17:14.112098
trajectory = 390 
mean W1 = 0.000072 
mean W2 = -0.008354 
std dev W1 = 0.022227 
std dev W2 = 0.095634 
min W2 = -0.220231 
max W2 = 0.214068 
p = 0.832812 

2017-09-19 01:17:28.207771
trajectory = 400 
mean W1 = 0.000073 
mean W2 = -0.008240 
std dev W1 = 0.022285 
std dev W2 = 0.095863 
min W2 = -0.220743 
max W2 = 0.214779 
p = 0.259272 

2017-09-19 01:17:44.288900
trajectory = 410 
mean W1 = 0.000075 
mean W2 = -0.008811 
std dev W1 = 0.022376 
std dev W2 = 0.096704 
min W2 = -0.221356 
max W2 = 0.215831 
p = 0.650600 

2017-09-19 01:18:00.472170
trajectory = 420 
mean W1 = 0.000065 
mean W2 = -0.007933 
std dev W1 = 0.022478 
std dev W2 = 0.097437 
min W2 = -0.219812 
max W2 = 0.218598 
p = 0.249380 

2017-09-19 01:18:15.539880
trajectory = 430 
mean W1 = 0.000064 
mean W2 = -0.007012 
std dev W1 = 0.022548 
std dev W2 = 0.098111 
min W2 = -0.218726 
max W2 = 0.220923 
p = 0.044033 

2017-09-19 01:18:31.366847
trajectory = 440 
mean W1 = 0.000059 
mean W2 = -0.006910 
std dev W1 = 0.022657 
std dev W2 = 0.098214 
min W2 = -0.220193 
max W2 = 0.220939 
p = 0.019787 

2017-09-19 01:18:48.433927
trajectory = 450 
mean W1 = 0.000066 
mean W2 = -0.003811 
std dev W1 = 0.022815 
std dev W2 = 0.098733 
min W2 = -0.218512 
max W2 = 0.224275 
p = 0.014353 

2017-09-19 01:19:04.312837
trajectory = 460 
mean W1 = 0.000062 
mean W2 = -0.003884 
std dev W1 = 0.022915 
std dev W2 = 0.099294 
min W2 = -0.220393 
max W2 = 0.224980 
p = 0.178354 

2017-09-19 01:19:19.229438
trajectory = 470 
mean W1 = 0.000060 
mean W2 = -0.005407 
std dev W1 = 0.022991 
std dev W2 = 0.099050 
min W2 = -0.220300 
max W2 = 0.223812 
p = 0.168705 

2017-09-19 01:19:36.208423
trajectory = 480 
mean W1 = 0.000052 
mean W2 = -0.006091 
std dev W1 = 0.023084 
std dev W2 = 0.099630 
min W2 = -0.220627 
max W2 = 0.223491 
p = 0.279611 

2017-09-19 01:19:53.019512
trajectory = 490 
mean W1 = 0.000038 
mean W2 = -0.007553 
std dev W1 = 0.023189 
std dev W2 = 0.099301 
min W2 = -0.220095 
max W2 = 0.221935 
p = 0.245822 

2017-09-19 01:20:09.169580
trajectory = 500 
mean W1 = 0.000039 
mean W2 = -0.008606 
std dev W1 = 0.023264 
std dev W2 = 0.099727 
min W2 = -0.221385 
max W2 = 0.221585 
p = 0.384612 

2017-09-19 01:20:26.721627
trajectory = 510 
mean W1 = 0.000037 
mean W2 = -0.007965 
std dev W1 = 0.023344 
std dev W2 = 0.100898 
min W2 = -0.221159 
max W2 = 0.224107 
p = 0.138825 

2017-09-19 01:20:43.658169
trajectory = 520 
mean W1 = 0.000038 
mean W2 = -0.008313 
std dev W1 = 0.023423 
std dev W2 = 0.101424 
min W2 = -0.222470 
max W2 = 0.223907 
p = 0.173299 

2017-09-19 01:21:01.692704
trajectory = 530 
mean W1 = 0.000039 
mean W2 = -0.009212 
std dev W1 = 0.023534 
std dev W2 = 0.102448 
min W2 = -0.223290 
max W2 = 0.224070 
p = 0.729654 

2017-09-19 01:21:18.909547
trajectory = 540 
mean W1 = 0.000038 
mean W2 = -0.009751 
std dev W1 = 0.023654 
std dev W2 = 0.102805 
min W2 = -0.223838 
max W2 = 0.224470 
p = 0.565284 

2017-09-19 01:21:35.312727
trajectory = 550 
mean W1 = 0.000038 
mean W2 = -0.010094 
std dev W1 = 0.023721 
std dev W2 = 0.103759 
min W2 = -0.225168 
max W2 = 0.225651 
p = 0.656269 

2017-09-19 01:21:54.338510
trajectory = 560 
mean W1 = 0.000036 
mean W2 = -0.011479 
std dev W1 = 0.023842 
std dev W2 = 0.104157 
min W2 = -0.226247 
max W2 = 0.224990 
p = 0.013031 

2017-09-19 01:22:12.065804
trajectory = 570 
mean W1 = 0.000034 
mean W2 = -0.009678 
std dev W1 = 0.023911 
std dev W2 = 0.105025 
min W2 = -0.224441 
max W2 = 0.229375 
p = 0.106313 

2017-09-19 01:22:29.871497
trajectory = 580 
mean W1 = 0.000034 
mean W2 = -0.011102 
std dev W1 = 0.024014 
std dev W2 = 0.105488 
min W2 = -0.225065 
max W2 = 0.227889 
p = 0.515994 

2017-09-19 01:22:47.953186
trajectory = 590 
mean W1 = 0.000031 
mean W2 = -0.011318 
std dev W1 = 0.024094 
std dev W2 = 0.106396 
min W2 = -0.226912 
max W2 = 0.229222 
p = 0.118468 

2017-09-19 01:23:06.490679
trajectory = 600 
mean W1 = 0.000030 
mean W2 = -0.011857 
std dev W1 = 0.024196 
std dev W2 = 0.107651 
min W2 = -0.228580 
max W2 = 0.228964 
p = 0.613511 

2017-09-19 01:23:25.350428
trajectory = 610 
mean W1 = 0.000030 
mean W2 = -0.011987 
std dev W1 = 0.024272 
std dev W2 = 0.108334 
min W2 = -0.229692 
max W2 = 0.230846 
p = 0.070477 

2017-09-19 01:23:43.494528
trajectory = 620 
mean W1 = 0.000023 
mean W2 = -0.013013 
std dev W1 = 0.024342 
std dev W2 = 0.108232 
min W2 = -0.229805 
max W2 = 0.229129 
p = 0.006207 

2017-09-19 01:24:02.480229
trajectory = 630 
mean W1 = 0.000023 
mean W2 = -0.013012 
std dev W1 = 0.024419 
std dev W2 = 0.109600 
min W2 = -0.229159 
max W2 = 0.230384 
p = 0.826002 

2017-09-19 01:24:20.830549
trajectory = 640 
mean W1 = 0.000023 
mean W2 = -0.014775 
std dev W1 = 0.024490 
std dev W2 = 0.109461 
min W2 = -0.229872 
max W2 = 0.228568 
p = 0.243883 

2017-09-19 01:24:40.137495
trajectory = 650 
mean W1 = 0.000023 
mean W2 = -0.014010 
std dev W1 = 0.024596 
std dev W2 = 0.109470 
min W2 = -0.228819 
max W2 = 0.229591 
p = 0.831747 

2017-09-19 01:24:58.870734
trajectory = 660 
mean W1 = 0.000027 
mean W2 = -0.014223 
std dev W1 = 0.024674 
std dev W2 = 0.109712 
min W2 = -0.228410 
max W2 = 0.230308 
p = 0.069543 

2017-09-19 01:25:17.008546
trajectory = 670 
mean W1 = 0.000029 
mean W2 = -0.013838 
std dev W1 = 0.024741 
std dev W2 = 0.110045 
min W2 = -0.230483 
max W2 = 0.231698 
p = 0.674291 

2017-09-19 01:25:35.851278
trajectory = 680 
mean W1 = 0.000025 
mean W2 = -0.013548 
std dev W1 = 0.024782 
std dev W2 = 0.109574 
min W2 = -0.229363 
max W2 = 0.230425 
p = 0.039756 

2017-09-19 01:25:55.440299
trajectory = 690 
mean W1 = 0.000021 
mean W2 = -0.015105 
std dev W1 = 0.024867 
std dev W2 = 0.109247 
min W2 = -0.229772 
max W2 = 0.226554 
p = 0.874556 

2017-09-19 01:26:14.621072
trajectory = 700 
mean W1 = 0.000021 
mean W2 = -0.016554 
std dev W1 = 0.024932 
std dev W2 = 0.109762 
min W2 = -0.229624 
max W2 = 0.225155 
p = 0.658961 

2017-09-19 01:26:34.271293
trajectory = 710 
mean W1 = 0.000017 
mean W2 = -0.016423 
std dev W1 = 0.024999 
std dev W2 = 0.110888 
min W2 = -0.230527 
max W2 = 0.225865 
p = 0.062232 

2017-09-19 01:26:56.453942
trajectory = 720 
mean W1 = 0.000015 
mean W2 = -0.016247 
std dev W1 = 0.025091 
std dev W2 = 0.111797 
min W2 = -0.231090 
max W2 = 0.228259 
p = 0.736310 

2017-09-19 01:27:17.283740
trajectory = 730 
mean W1 = 0.000016 
mean W2 = -0.017482 
std dev W1 = 0.025157 
std dev W2 = 0.112413 
min W2 = -0.231573 
max W2 = 0.226433 
p = 0.359556 

2017-09-19 01:27:37.536495
trajectory = 740 
mean W1 = 0.000017 
mean W2 = -0.017684 
std dev W1 = 0.025218 
std dev W2 = 0.112215 
min W2 = -0.231855 
max W2 = 0.226163 
p = 0.597821 

2017-09-19 01:27:58.656303
trajectory = 750 
mean W1 = 0.000025 
mean W2 = -0.016899 
std dev W1 = 0.025304 
std dev W2 = 0.112385 
min W2 = -0.231012 
max W2 = 0.226962 
p = 0.198890 

2017-09-19 01:28:20.113615
trajectory = 760 
mean W1 = 0.000018 
mean W2 = -0.018253 
std dev W1 = 0.025372 
std dev W2 = 0.112351 
min W2 = -0.232952 
max W2 = 0.225619 
p = 0.283604 

2017-09-19 01:28:40.645043
trajectory = 770 
mean W1 = 0.000022 
mean W2 = -0.016265 
std dev W1 = 0.025403 
std dev W2 = 0.112453 
min W2 = -0.230782 
max W2 = 0.227855 
p = 0.037961 

2017-09-19 01:29:00.254565
trajectory = 780 
mean W1 = 0.000024 
mean W2 = -0.015796 
std dev W1 = 0.025477 
std dev W2 = 0.113119 
min W2 = -0.230395 
max W2 = 0.229180 
p = 0.241264 

2017-09-19 01:29:20.963356
trajectory = 790 
mean W1 = 0.000020 
mean W2 = -0.015770 
std dev W1 = 0.025565 
std dev W2 = 0.113384 
min W2 = -0.230484 
max W2 = 0.228871 
p = 0.049751 

2017-09-19 01:29:42.197375
trajectory = 800 
mean W1 = 0.000016 
mean W2 = -0.013760 
std dev W1 = 0.025634 
std dev W2 = 0.114180 
min W2 = -0.230285 
max W2 = 0.232661 
p = 0.158623 

2017-09-19 01:30:04.944316
trajectory = 810 
mean W1 = 0.000020 
mean W2 = -0.013951 
std dev W1 = 0.025692 
std dev W2 = 0.115479 
min W2 = -0.232869 
max W2 = 0.234619 
p = 0.359514 

2017-09-19 01:30:24.962197
trajectory = 820 
mean W1 = 0.000020 
mean W2 = -0.014967 
std dev W1 = 0.025754 
std dev W2 = 0.115830 
min W2 = -0.234843 
max W2 = 0.234430 
p = 0.060700 

2017-09-19 01:30:46.620817
trajectory = 830 
mean W1 = 0.000020 
mean W2 = -0.016048 
std dev W1 = 0.025808 
std dev W2 = 0.116834 
min W2 = -0.238057 
max W2 = 0.234336 
p = 0.003425 

2017-09-19 01:31:08.069045
trajectory = 840 
mean W1 = 0.000017 
mean W2 = -0.015277 
std dev W1 = 0.025870 
std dev W2 = 0.117617 
min W2 = -0.238080 
max W2 = 0.235358 
p = 0.987932 

2017-09-19 01:31:29.632956
trajectory = 850 
mean W1 = 0.000020 
mean W2 = -0.016792 
std dev W1 = 0.025942 
std dev W2 = 0.118152 
min W2 = -0.240410 
max W2 = 0.233699 
p = 0.094804 

2017-09-19 01:31:51.790804
trajectory = 860 
mean W1 = 0.000012 
mean W2 = -0.016246 
std dev W1 = 0.026007 
std dev W2 = 0.118698 
min W2 = -0.239252 
max W2 = 0.235574 
p = 0.395954 

2017-09-19 01:32:12.877521
trajectory = 870 
mean W1 = 0.000018 
mean W2 = -0.017772 
std dev W1 = 0.026069 
std dev W2 = 0.119017 
min W2 = -0.239482 
max W2 = 0.235443 
p = 0.018770 

2017-09-19 01:32:35.809121
trajectory = 880 
mean W1 = 0.000020 
mean W2 = -0.018258 
std dev W1 = 0.026121 
std dev W2 = 0.119654 
min W2 = -0.239839 
max W2 = 0.235437 
p = 0.017231 

2017-09-19 01:32:59.804996
trajectory = 890 
mean W1 = 0.000023 
mean W2 = -0.018380 
std dev W1 = 0.026197 
std dev W2 = 0.120119 
min W2 = -0.240916 
max W2 = 0.236306 
p = 0.424776 

2017-09-19 01:33:24.900920
trajectory = 900 
mean W1 = 0.000015 
mean W2 = -0.017883 
std dev W1 = 0.026278 
std dev W2 = 0.120588 
min W2 = -0.241179 
max W2 = 0.237379 
p = 0.900666 

2017-09-19 01:33:47.564182
trajectory = 910 
mean W1 = 0.000013 
mean W2 = -0.016961 
std dev W1 = 0.026359 
std dev W2 = 0.121428 
min W2 = -0.242681 
max W2 = 0.239088 
p = 0.606472 

2017-09-19 01:34:11.396807
trajectory = 920 
mean W1 = 0.000009 
mean W2 = -0.017981 
std dev W1 = 0.026450 
std dev W2 = 0.122057 
min W2 = -0.245710 
max W2 = 0.238694 
p = 0.009522 

2017-09-19 01:34:34.563577
trajectory = 930 
mean W1 = 0.000008 
mean W2 = -0.017153 
std dev W1 = 0.026514 
std dev W2 = 0.122753 
min W2 = -0.244650 
max W2 = 0.241437 
p = 0.669542 

2017-09-19 01:34:57.603835
trajectory = 940 
mean W1 = 0.000005 
mean W2 = -0.017604 
std dev W1 = 0.026571 
std dev W2 = 0.123693 
min W2 = -0.246108 
max W2 = 0.241419 
p = 0.356105 

2017-09-19 01:35:21.291572
trajectory = 950 
mean W1 = 0.000002 
mean W2 = -0.018027 
std dev W1 = 0.026646 
std dev W2 = 0.124066 
min W2 = -0.247845 
max W2 = 0.239303 
p = 0.015181 

2017-09-19 01:35:44.083376
trajectory = 960 
mean W1 = 0.000001 
mean W2 = -0.018159 
std dev W1 = 0.026707 
std dev W2 = 0.124598 
min W2 = -0.248741 
max W2 = 0.240100 
p = 0.006585 

2017-09-19 01:36:06.920125
trajectory = 970 
mean W1 = -0.000001 
mean W2 = -0.019553 
std dev W1 = 0.026761 
std dev W2 = 0.125122 
min W2 = -0.249775 
max W2 = 0.238607 
p = 0.348298 

2017-09-19 01:36:29.789553
trajectory = 980 
mean W1 = -0.000006 
mean W2 = -0.020253 
std dev W1 = 0.026801 
std dev W2 = 0.125709 
min W2 = -0.250394 
max W2 = 0.238646 
p = 0.045888 

2017-09-19 01:36:54.480125
trajectory = 990 
mean W1 = -0.000007 
mean W2 = -0.020300 
std dev W1 = 0.026853 
std dev W2 = 0.126470 
min W2 = -0.250570 
max W2 = 0.239709 
p = 0.011324 

2017-09-19 01:37:19.696184
trajectory = 1000 
mean W1 = -0.000005 
mean W2 = -0.019775 
std dev W1 = 0.026940 
std dev W2 = 0.127294 
min W2 = -0.251741 
max W2 = 0.241792 
p = 0.081383 

2017-09-19 01:37:46.662569
trajectory = 1010 
mean W1 = -0.000005 
mean W2 = -0.018222 
std dev W1 = 0.027004 
std dev W2 = 0.128212 
min W2 = -0.252004 
max W2 = 0.244621 
p = 0.058264 

2017-09-19 01:38:11.390410
trajectory = 1020 
mean W1 = -0.000007 
mean W2 = -0.019607 
std dev W1 = 0.027077 
std dev W2 = 0.128847 
min W2 = -0.253077 
max W2 = 0.243813 
p = 0.023220 

2017-09-19 01:38:36.178019
trajectory = 1030 
mean W1 = -0.000009 
mean W2 = -0.019164 
std dev W1 = 0.027143 
std dev W2 = 0.129367 
min W2 = -0.253701 
max W2 = 0.244525 
p = 0.046956 

2017-09-19 01:39:01.137019
trajectory = 1040 
mean W1 = -0.000005 
mean W2 = -0.018798 
std dev W1 = 0.027215 
std dev W2 = 0.130199 
min W2 = -0.254121 
max W2 = 0.245253 
p = 0.929881 

2017-09-19 01:39:27.643520
trajectory = 1050 
mean W1 = -0.000004 
mean W2 = -0.020040 
std dev W1 = 0.027262 
std dev W2 = 0.130563 
min W2 = -0.255446 
max W2 = 0.244234 
p = 0.000960 

2017-09-19 01:39:54.748587
trajectory = 1060 
mean W1 = -0.000004 
mean W2 = -0.019935 
std dev W1 = 0.027346 
std dev W2 = 0.131312 
min W2 = -0.256814 
max W2 = 0.245263 
p = 0.157822 

2017-09-19 01:40:24.280287
trajectory = 1070 
mean W1 = -0.000010 
mean W2 = -0.020519 
std dev W1 = 0.027397 
std dev W2 = 0.131845 
min W2 = -0.258440 
max W2 = 0.245673 
p = 0.069176 

2017-09-19 01:40:51.335391
trajectory = 1080 
mean W1 = -0.000008 
mean W2 = -0.020340 
std dev W1 = 0.027439 
std dev W2 = 0.132290 
min W2 = -0.260390 
max W2 = 0.246305 
p = 0.003875 

2017-09-19 01:41:20.031792
trajectory = 1090 
mean W1 = -0.000009 
mean W2 = -0.021545 
std dev W1 = 0.027498 
std dev W2 = 0.132424 
min W2 = -0.261583 
max W2 = 0.242838 
p = 0.141531 

2017-09-19 01:41:49.152626
trajectory = 1100 
mean W1 = -0.000012 
mean W2 = -0.022248 
std dev W1 = 0.027554 
std dev W2 = 0.133206 
min W2 = -0.262847 
max W2 = 0.241728 
p = 0.383750 

2017-09-19 01:42:16.725523
trajectory = 1110 
mean W1 = -0.000009 
mean W2 = -0.024000 
std dev W1 = 0.027610 
std dev W2 = 0.133166 
min W2 = -0.265244 
max W2 = 0.238777 
p = 0.133207 

2017-09-19 01:42:42.258673
trajectory = 1120 
mean W1 = -0.000012 
mean W2 = -0.023331 
std dev W1 = 0.027675 
std dev W2 = 0.133758 
min W2 = -0.266098 
max W2 = 0.239097 
p = 0.650493 

2017-09-19 01:43:07.573759
trajectory = 1130 
mean W1 = -0.000018 
mean W2 = -0.023640 
std dev W1 = 0.027729 
std dev W2 = 0.134413 
min W2 = -0.268492 
max W2 = 0.239040 
p = 0.097535 

2017-09-19 01:43:36.267341
trajectory = 1140 
mean W1 = -0.000022 
mean W2 = -0.022910 
std dev W1 = 0.027786 
std dev W2 = 0.135070 
min W2 = -0.267396 
max W2 = 0.241891 
p = 0.013556 

2017-09-19 01:44:09.422760
trajectory = 1150 
mean W1 = -0.000027 
mean W2 = -0.023116 
std dev W1 = 0.027838 
std dev W2 = 0.135550 
min W2 = -0.267808 
max W2 = 0.242365 
p = 0.158408 

2017-09-19 01:44:43.669341
trajectory = 1160 
mean W1 = -0.000023 
mean W2 = -0.023417 
std dev W1 = 0.027883 
std dev W2 = 0.136360 
min W2 = -0.268034 
max W2 = 0.243629 
p = 0.014637 

2017-09-19 01:45:15.934681
trajectory = 1170 
mean W1 = -0.000026 
mean W2 = -0.023608 
std dev W1 = 0.027950 
std dev W2 = 0.136958 
min W2 = -0.269519 
max W2 = 0.244193 
p = 0.014748 

2017-09-19 01:45:48.061664
trajectory = 1180 
mean W1 = -0.000024 
mean W2 = -0.022878 
std dev W1 = 0.028017 
std dev W2 = 0.137357 
min W2 = -0.269854 
max W2 = 0.245468 
p = 0.015054 

2017-09-19 01:46:20.306031
trajectory = 1190 
mean W1 = -0.000022 
mean W2 = -0.022309 
std dev W1 = 0.028070 
std dev W2 = 0.137958 
min W2 = -0.269324 
max W2 = 0.244832 
p = 0.899734 

2017-09-19 01:46:49.380818
trajectory = 1200 
mean W1 = -0.000021 
mean W2 = -0.023187 
std dev W1 = 0.028150 
std dev W2 = 0.138823 
min W2 = -0.271628 
max W2 = 0.242817 
p = 0.079555 

2017-09-19 01:47:19.102628
trajectory = 1210 
mean W1 = -0.000021 
mean W2 = -0.021992 
std dev W1 = 0.028206 
std dev W2 = 0.139190 
min W2 = -0.271714 
max W2 = 0.243608 
p = 0.324267 

2017-09-19 01:47:50.783577
trajectory = 1220 
mean W1 = -0.000024 
mean W2 = -0.023245 
std dev W1 = 0.028268 
std dev W2 = 0.139308 
min W2 = -0.273093 
max W2 = 0.241976 
p = 0.722635 

2017-09-19 01:48:18.568502
trajectory = 1230 
mean W1 = -0.000022 
mean W2 = -0.022497 
std dev W1 = 0.028332 
std dev W2 = 0.140382 
min W2 = -0.273732 
max W2 = 0.244679 
p = 0.007820 

2017-09-19 01:48:51.027422
trajectory = 1240 
mean W1 = -0.000023 
mean W2 = -0.021079 
std dev W1 = 0.028372 
std dev W2 = 0.140783 
min W2 = -0.273095 
max W2 = 0.245565 
p = 0.464251 

2017-09-19 01:49:22.166193
trajectory = 1250 
mean W1 = -0.000027 
mean W2 = -0.020553 
std dev W1 = 0.028432 
std dev W2 = 0.141256 
min W2 = -0.274128 
max W2 = 0.246513 
p = 0.180451 

2017-09-19 01:49:56.317817
trajectory = 1260 
mean W1 = -0.000030 
mean W2 = -0.021030 
std dev W1 = 0.028484 
std dev W2 = 0.141396 
min W2 = -0.274852 
max W2 = 0.244492 
p = 0.320926 

2017-09-19 01:50:28.667677
trajectory = 1270 
mean W1 = -0.000025 
mean W2 = -0.021821 
std dev W1 = 0.028538 
std dev W2 = 0.142029 
min W2 = -0.277064 
max W2 = 0.245110 
p = 0.424124 

2017-09-19 01:51:00.117666
trajectory = 1280 
mean W1 = -0.000024 
mean W2 = -0.022511 
std dev W1 = 0.028616 
std dev W2 = 0.142675 
min W2 = -0.278275 
max W2 = 0.244605 
p = 0.313063 

2017-09-19 01:51:31.965125
trajectory = 1290 
mean W1 = -0.000026 
mean W2 = -0.022054 
std dev W1 = 0.028658 
std dev W2 = 0.143055 
min W2 = -0.279134 
max W2 = 0.245422 
p = 0.203951 

2017-09-19 01:52:05.437632
trajectory = 1300 
mean W1 = -0.000030 
mean W2 = -0.020546 
std dev W1 = 0.028724 
std dev W2 = 0.143515 
min W2 = -0.279992 
max W2 = 0.246661 
p = 0.096748 

2017-09-19 01:52:39.177640
trajectory = 1310 
mean W1 = -0.000029 
mean W2 = -0.020028 
std dev W1 = 0.028766 
std dev W2 = 0.143445 
min W2 = -0.279136 
max W2 = 0.246233 
p = 0.064004 

2017-09-19 01:53:11.512857
trajectory = 1320 
mean W1 = -0.000029 
mean W2 = -0.020368 
std dev W1 = 0.028834 
std dev W2 = 0.144085 
min W2 = -0.279742 
max W2 = 0.247237 
p = 0.021640 

2017-09-19 01:53:45.993292
trajectory = 1330 
mean W1 = -0.000029 
mean W2 = -0.021319 
std dev W1 = 0.028868 
std dev W2 = 0.144411 
min W2 = -0.279005 
max W2 = 0.247161 
p = 0.016014 

2017-09-19 01:54:21.626913
trajectory = 1340 
mean W1 = -0.000029 
mean W2 = -0.022893 
std dev W1 = 0.028922 
std dev W2 = 0.144613 
min W2 = -0.279893 
max W2 = 0.243462 
p = 0.001222 

2017-09-19 01:54:52.713601
trajectory = 1350 
mean W1 = -0.000032 
mean W2 = -0.023621 
std dev W1 = 0.028966 
std dev W2 = 0.144901 
min W2 = -0.278488 
max W2 = 0.242265 
p = 0.008810 

2017-09-19 01:55:29.865194
trajectory = 1360 
mean W1 = -0.000031 
mean W2 = -0.024151 
std dev W1 = 0.029036 
std dev W2 = 0.145853 
min W2 = -0.280099 
max W2 = 0.242871 
p = 0.770324 

2017-09-19 01:56:02.414103
trajectory = 1370 
mean W1 = -0.000033 
mean W2 = -0.022221 
std dev W1 = 0.029092 
std dev W2 = 0.146777 
min W2 = -0.279618 
max W2 = 0.247437 
p = 0.000203 

2017-09-19 01:56:36.752861
trajectory = 1380 
mean W1 = -0.000034 
mean W2 = -0.022326 
std dev W1 = 0.029137 
std dev W2 = 0.147688 
min W2 = -0.280016 
max W2 = 0.247720 
p = 0.000599 

2017-09-19 01:57:09.795074
trajectory = 1390 
mean W1 = -0.000032 
mean W2 = -0.023014 
std dev W1 = 0.029181 
std dev W2 = 0.147672 
min W2 = -0.280038 
max W2 = 0.246900 
p = 0.009827 

2017-09-19 01:57:42.674770
trajectory = 1400 
mean W1 = -0.000033 
mean W2 = -0.022850 
std dev W1 = 0.029245 
std dev W2 = 0.147984 
min W2 = -0.281934 
max W2 = 0.246526 
p = 0.491939 

2017-09-19 01:58:18.363699
trajectory = 1410 
mean W1 = -0.000036 
mean W2 = -0.023750 
std dev W1 = 0.029288 
std dev W2 = 0.148383 
min W2 = -0.284371 
max W2 = 0.246557 
p = 0.000147 

2017-09-19 01:58:53.113669
trajectory = 1420 
mean W1 = -0.000038 
mean W2 = -0.023801 
std dev W1 = 0.029342 
std dev W2 = 0.148717 
min W2 = -0.284517 
max W2 = 0.245255 
p = 0.142992 

2017-09-19 01:59:27.689672
trajectory = 1430 
mean W1 = -0.000042 
mean W2 = -0.024284 
std dev W1 = 0.029383 
std dev W2 = 0.149474 
min W2 = -0.286711 
max W2 = 0.245137 
p = 0.001910 

2017-09-19 02:00:01.992351
trajectory = 1440 
mean W1 = -0.000043 
mean W2 = -0.024228 
std dev W1 = 0.029437 
std dev W2 = 0.150127 
min W2 = -0.288537 
max W2 = 0.246135 
p = 0.707760 

2017-09-19 02:00:36.542153
trajectory = 1450 
mean W1 = -0.000044 
mean W2 = -0.024842 
std dev W1 = 0.029475 
std dev W2 = 0.150139 
min W2 = -0.289805 
max W2 = 0.245013 
p = 0.000387 

2017-09-19 02:01:15.089724
trajectory = 1460 
mean W1 = -0.000046 
mean W2 = -0.024861 
std dev W1 = 0.029540 
std dev W2 = 0.151213 
min W2 = -0.291307 
max W2 = 0.245019 
p = 0.418613 

2017-09-19 02:01:53.505109
trajectory = 1470 
mean W1 = -0.000044 
mean W2 = -0.024458 
std dev W1 = 0.029613 
std dev W2 = 0.151887 
min W2 = -0.291556 
max W2 = 0.245880 
p = 0.695651 

2017-09-19 02:02:31.644094
trajectory = 1480 
mean W1 = -0.000041 
mean W2 = -0.023637 
std dev W1 = 0.029668 
std dev W2 = 0.152724 
min W2 = -0.291397 
max W2 = 0.248056 
p = 0.000857 

2017-09-19 02:03:10.082356
trajectory = 1490 
mean W1 = -0.000043 
mean W2 = -0.023550 
std dev W1 = 0.029714 
std dev W2 = 0.153113 
min W2 = -0.292407 
max W2 = 0.249094 
p = 0.001084 

2017-09-19 02:03:47.491942
trajectory = 1500 
mean W1 = -0.000041 
mean W2 = -0.024081 
std dev W1 = 0.029765 
std dev W2 = 0.153338 
min W2 = -0.293336 
max W2 = 0.247286 
p = 0.000252 

2017-09-19 02:04:28.902828
trajectory = 1510 
mean W1 = -0.000042 
mean W2 = -0.025552 
std dev W1 = 0.029817 
std dev W2 = 0.153729 
min W2 = -0.295514 
max W2 = 0.244087 
p = 0.033564 

2017-09-19 02:05:08.835124
trajectory = 1520 
mean W1 = -0.000040 
mean W2 = -0.026029 
std dev W1 = 0.029847 
std dev W2 = 0.153854 
min W2 = -0.294917 
max W2 = 0.244365 
p = 0.003448 

2017-09-19 02:05:45.988007
trajectory = 1530 
mean W1 = -0.000041 
mean W2 = -0.025318 
std dev W1 = 0.029885 
std dev W2 = 0.154352 
min W2 = -0.294987 
max W2 = 0.245075 
p = 0.008256 

2017-09-19 02:06:24.745772
trajectory = 1540 
mean W1 = -0.000043 
mean W2 = -0.025365 
std dev W1 = 0.029936 
std dev W2 = 0.154774 
min W2 = -0.295513 
max W2 = 0.246376 
p = 0.000003 

2017-09-19 02:07:03.137183
trajectory = 1550 
mean W1 = -0.000045 
mean W2 = -0.023818 
std dev W1 = 0.030006 
std dev W2 = 0.155886 
min W2 = -0.295220 
max W2 = 0.249739 
p = 0.991829 

2017-09-19 02:07:44.468162
trajectory = 1560 
mean W1 = -0.000043 
mean W2 = -0.023887 
std dev W1 = 0.030074 
std dev W2 = 0.156462 
min W2 = -0.295720 
max W2 = 0.251393 
p = 0.157019 

2017-09-19 02:08:22.915646
trajectory = 1570 
mean W1 = -0.000044 
mean W2 = -0.025001 
std dev W1 = 0.030120 
std dev W2 = 0.157402 
min W2 = -0.298215 
max W2 = 0.249271 
p = 0.048813 

2017-09-19 02:09:09.138118
trajectory = 1580 
mean W1 = -0.000038 
mean W2 = -0.024168 
std dev W1 = 0.030169 
std dev W2 = 0.157359 
min W2 = -0.295982 
max W2 = 0.249337 
p = 0.875177 

2017-09-19 02:09:47.643849
trajectory = 1590 
mean W1 = -0.000043 
mean W2 = -0.025193 
std dev W1 = 0.030226 
std dev W2 = 0.158074 
min W2 = -0.297870 
max W2 = 0.248090 
p = 0.199910 

2017-09-19 02:10:30.045863
trajectory = 1600 
mean W1 = -0.000038 
mean W2 = -0.026230 
std dev W1 = 0.030274 
std dev W2 = 0.158546 
min W2 = -0.298902 
max W2 = 0.247215 
p = 0.360458 

2017-09-19 02:11:10.814500
trajectory = 1610 
mean W1 = -0.000038 
mean W2 = -0.026042 
std dev W1 = 0.030326 
std dev W2 = 0.159713 
min W2 = -0.300277 
max W2 = 0.249398 
p = 0.070000 

2017-09-19 02:11:51.907137
trajectory = 1620 
mean W1 = -0.000041 
mean W2 = -0.025451 
std dev W1 = 0.030378 
std dev W2 = 0.160288 
min W2 = -0.299434 
max W2 = 0.250432 
p = 0.038465 

2017-09-19 02:12:32.535597
trajectory = 1630 
mean W1 = -0.000035 
mean W2 = -0.024303 
std dev W1 = 0.030415 
std dev W2 = 0.161158 
min W2 = -0.299379 
max W2 = 0.252978 
p = 0.042664 

2017-09-19 02:13:14.594326
trajectory = 1640 
mean W1 = -0.000034 
mean W2 = -0.022606 
std dev W1 = 0.030458 
std dev W2 = 0.161486 
min W2 = -0.297657 
max W2 = 0.254899 
p = 0.295078 

2017-09-19 02:13:54.465571
trajectory = 1650 
mean W1 = -0.000034 
mean W2 = -0.022205 
std dev W1 = 0.030497 
std dev W2 = 0.161854 
min W2 = -0.299414 
max W2 = 0.255679 
p = 0.011213 

2017-09-19 02:14:34.804983
trajectory = 1660 
mean W1 = -0.000035 
mean W2 = -0.021788 
std dev W1 = 0.030539 
std dev W2 = 0.161991 
min W2 = -0.298911 
max W2 = 0.254985 
p = 0.120676 

2017-09-19 02:15:14.704087
trajectory = 1670 
mean W1 = -0.000035 
mean W2 = -0.023154 
std dev W1 = 0.030588 
std dev W2 = 0.162552 
min W2 = -0.299982 
max W2 = 0.253216 
p = 0.995363 

2017-09-19 02:15:56.860011
trajectory = 1680 
mean W1 = -0.000030 
mean W2 = -0.024228 
std dev W1 = 0.030635 
std dev W2 = 0.162533 
min W2 = -0.300113 
max W2 = 0.250473 
p = 0.996632 

2017-09-19 02:16:35.367290
trajectory = 1690 
mean W1 = -0.000031 
mean W2 = -0.024928 
std dev W1 = 0.030660 
std dev W2 = 0.162805 
min W2 = -0.301068 
max W2 = 0.250188 
p = 0.487878 

2017-09-19 02:17:20.196347
trajectory = 1700 
mean W1 = -0.000026 
mean W2 = -0.024113 
std dev W1 = 0.030712 
std dev W2 = 0.163407 
min W2 = -0.300333 
max W2 = 0.251305 
p = 0.944009 

2017-09-19 02:18:02.668947
trajectory = 1710 
mean W1 = -0.000026 
mean W2 = -0.024353 
std dev W1 = 0.030755 
std dev W2 = 0.163785 
min W2 = -0.301824 
max W2 = 0.251211 
p = 0.005573 

2017-09-19 02:18:45.414004
trajectory = 1720 
mean W1 = -0.000029 
mean W2 = -0.025808 
std dev W1 = 0.030788 
std dev W2 = 0.164445 
min W2 = -0.304090 
max W2 = 0.249296 
p = 0.016725 

2017-09-19 02:19:26.668160
trajectory = 1730 
mean W1 = -0.000034 
mean W2 = -0.025727 
std dev W1 = 0.030841 
std dev W2 = 0.164694 
min W2 = -0.304196 
max W2 = 0.248447 
p = 0.034043 

2017-09-19 02:20:14.263558
trajectory = 1740 
mean W1 = -0.000035 
mean W2 = -0.026614 
std dev W1 = 0.030877 
std dev W2 = 0.164744 
min W2 = -0.304361 
max W2 = 0.247657 
p = 0.350697 

2017-09-19 02:20:54.808281
trajectory = 1750 
mean W1 = -0.000034 
mean W2 = -0.025873 
std dev W1 = 0.030921 
std dev W2 = 0.165410 
min W2 = -0.303728 
max W2 = 0.249524 
p = 0.000271 

2017-09-19 02:21:38.210716
trajectory = 1760 
mean W1 = -0.000034 
mean W2 = -0.026444 
std dev W1 = 0.030960 
std dev W2 = 0.165592 
min W2 = -0.305511 
max W2 = 0.248212 
p = 0.007715 

2017-09-19 02:22:23.511590
trajectory = 1770 
mean W1 = -0.000032 
mean W2 = -0.025527 
std dev W1 = 0.030994 
std dev W2 = 0.166167 
min W2 = -0.306851 
max W2 = 0.249764 
p = 0.078079 

2017-09-19 02:23:06.848310
trajectory = 1780 
mean W1 = -0.000031 
mean W2 = -0.025609 
std dev W1 = 0.031028 
std dev W2 = 0.166132 
min W2 = -0.308116 
max W2 = 0.249836 
p = 0.999661 

2017-09-19 02:23:50.257203
trajectory = 1790 
mean W1 = -0.000030 
mean W2 = -0.025662 
std dev W1 = 0.031078 
std dev W2 = 0.166781 
min W2 = -0.309407 
max W2 = 0.250110 
p = 0.226931 

2017-09-19 02:24:32.627065
trajectory = 1800 
mean W1 = -0.000028 
mean W2 = -0.024388 
std dev W1 = 0.031124 
std dev W2 = 0.167169 
min W2 = -0.309363 
max W2 = 0.251215 
p = 0.000052 

2017-09-19 02:25:19.579668
trajectory = 1810 
mean W1 = -0.000026 
mean W2 = -0.023938 
std dev W1 = 0.031160 
std dev W2 = 0.167586 
min W2 = -0.308934 
max W2 = 0.251678 
p = 0.203605 

2017-09-19 02:26:06.157275
trajectory = 1820 
mean W1 = -0.000026 
mean W2 = -0.024077 
std dev W1 = 0.031196 
std dev W2 = 0.167939 
min W2 = -0.310514 
max W2 = 0.253208 
p = 0.593480 

2017-09-19 02:26:46.464105
trajectory = 1830 
mean W1 = -0.000025 
mean W2 = -0.025792 
std dev W1 = 0.031232 
std dev W2 = 0.168263 
min W2 = -0.311906 
max W2 = 0.252608 
p = 0.938892 

2017-09-19 02:27:31.611018
trajectory = 1840 
mean W1 = -0.000027 
mean W2 = -0.025527 
std dev W1 = 0.031286 
std dev W2 = 0.169102 
min W2 = -0.312968 
max W2 = 0.253085 
p = 0.539053 

2017-09-19 02:28:17.705834
trajectory = 1850 
mean W1 = -0.000027 
mean W2 = -0.025938 
std dev W1 = 0.031335 
std dev W2 = 0.169522 
min W2 = -0.313469 
max W2 = 0.252267 
p = 0.996654 

2017-09-19 02:29:04.923136
trajectory = 1860 
mean W1 = -0.000026 
mean W2 = -0.026966 
std dev W1 = 0.031408 
std dev W2 = 0.169990 
min W2 = -0.314276 
max W2 = 0.252158 
p = 0.156272 

2017-09-19 02:29:50.575256
trajectory = 1870 
mean W1 = -0.000028 
mean W2 = -0.027285 
std dev W1 = 0.031445 
std dev W2 = 0.170413 
min W2 = -0.315391 
max W2 = 0.251784 
p = 0.002251 

2017-09-19 02:30:35.132818
trajectory = 1880 
mean W1 = -0.000030 
mean W2 = -0.027181 
std dev W1 = 0.031481 
std dev W2 = 0.170804 
min W2 = -0.314877 
max W2 = 0.251511 
p = 0.002015 

2017-09-19 02:31:21.325894
trajectory = 1890 
mean W1 = -0.000031 
mean W2 = -0.026482 
std dev W1 = 0.031528 
std dev W2 = 0.170887 
min W2 = -0.313891 
max W2 = 0.251097 
p = 0.999597 

2017-09-19 02:32:06.762437
trajectory = 1900 
mean W1 = -0.000033 
mean W2 = -0.026905 
std dev W1 = 0.031561 
std dev W2 = 0.170898 
min W2 = -0.314560 
max W2 = 0.250263 
p = 0.021220 

2017-09-19 02:32:52.766210
trajectory = 1910 
mean W1 = -0.000037 
mean W2 = -0.026516 
std dev W1 = 0.031592 
std dev W2 = 0.171514 
min W2 = -0.315535 
max W2 = 0.250365 
p = 0.205470 

2017-09-19 02:33:35.868838
trajectory = 1920 
mean W1 = -0.000041 
mean W2 = -0.026676 
std dev W1 = 0.031631 
std dev W2 = 0.171701 
min W2 = -0.317204 
max W2 = 0.249955 
p = 0.045775 

2017-09-19 02:34:24.171682
trajectory = 1930 
mean W1 = -0.000041 
mean W2 = -0.026819 
std dev W1 = 0.031692 
std dev W2 = 0.172040 
min W2 = -0.317372 
max W2 = 0.248773 
p = 0.312944 

2017-09-19 02:35:13.493236
trajectory = 1940 
mean W1 = -0.000042 
mean W2 = -0.027575 
std dev W1 = 0.031730 
std dev W2 = 0.172256 
min W2 = -0.318652 
max W2 = 0.249176 
p = 0.152454 

2017-09-19 02:36:02.752207
trajectory = 1950 
mean W1 = -0.000042 
mean W2 = -0.027987 
std dev W1 = 0.031753 
std dev W2 = 0.172197 
min W2 = -0.318892 
max W2 = 0.249175 
p = 0.000126 

2017-09-19 02:36:47.110978
trajectory = 1960 
mean W1 = -0.000040 
mean W2 = -0.026636 
std dev W1 = 0.031812 
std dev W2 = 0.172666 
min W2 = -0.319319 
max W2 = 0.250796 
p = 0.922593 

2017-09-19 02:37:34.486186
trajectory = 1970 
mean W1 = -0.000041 
mean W2 = -0.026883 
std dev W1 = 0.031847 
std dev W2 = 0.173026 
min W2 = -0.319135 
max W2 = 0.250536 
p = 0.000136 

2017-09-19 02:38:18.626242
trajectory = 1980 
mean W1 = -0.000042 
mean W2 = -0.026725 
std dev W1 = 0.031883 
std dev W2 = 0.173270 
min W2 = -0.319588 
max W2 = 0.250778 
p = 0.089322 

2017-09-19 02:39:01.689923
trajectory = 1990 
mean W1 = -0.000043 
mean W2 = -0.026294 
std dev W1 = 0.031898 
std dev W2 = 0.173673 
min W2 = -0.319003 
max W2 = 0.251031 
p = 0.000491 

2017-09-19 02:39:50.117791
trajectory = 2000 
mean W1 = -0.000044 
mean W2 = -0.024832 
std dev W1 = 0.031930 
std dev W2 = 0.173844 
min W2 = -0.317138 
max W2 = 0.252187 
p = 0.000004 

2017-09-19 02:40:36.637009
trajectory = 2010 
mean W1 = -0.000044 
mean W2 = -0.025491 
std dev W1 = 0.031962 
std dev W2 = 0.174212 
min W2 = -0.318558 
max W2 = 0.251378 
p = 0.012257 

2017-09-19 02:41:24.929860
trajectory = 2020 
mean W1 = -0.000042 
mean W2 = -0.025296 
std dev W1 = 0.031990 
std dev W2 = 0.174512 
min W2 = -0.317103 
max W2 = 0.251364 
p = 0.996368 

2017-09-19 02:42:11.702427
trajectory = 2030 
mean W1 = -0.000041 
mean W2 = -0.025925 
std dev W1 = 0.032010 
std dev W2 = 0.174887 
min W2 = -0.319041 
max W2 = 0.251194 
p = 0.042483 

2017-09-19 02:42:59.072093
trajectory = 2040 
mean W1 = -0.000039 
mean W2 = -0.027181 
std dev W1 = 0.032057 
std dev W2 = 0.175477 
min W2 = -0.321147 
max W2 = 0.249582 
p = 0.065021 

2017-09-19 02:43:47.591242
trajectory = 2050 
mean W1 = -0.000041 
mean W2 = -0.026710 
std dev W1 = 0.032083 
std dev W2 = 0.175734 
min W2 = -0.320951 
max W2 = 0.250759 
p = 0.070421 

2017-09-19 02:44:33.083483
trajectory = 2060 
mean W1 = -0.000042 
mean W2 = -0.026390 
std dev W1 = 0.032125 
std dev W2 = 0.176253 
min W2 = -0.322009 
max W2 = 0.250367 
p = 0.006775 

2017-09-19 02:45:19.043547
trajectory = 2070 
mean W1 = -0.000043 
mean W2 = -0.027989 
std dev W1 = 0.032151 
std dev W2 = 0.176674 
min W2 = -0.325030 
max W2 = 0.249015 
p = 0.019784 

2017-09-19 02:46:08.856374
trajectory = 2080 
mean W1 = -0.000045 
mean W2 = -0.028827 
std dev W1 = 0.032189 
std dev W2 = 0.176787 
min W2 = -0.324339 
max W2 = 0.247892 
p = 0.988221 

2017-09-19 02:46:55.924093
trajectory = 2090 
mean W1 = -0.000048 
mean W2 = -0.028498 
std dev W1 = 0.032239 
std dev W2 = 0.177248 
min W2 = -0.324204 
max W2 = 0.249794 
p = 0.583948 

2017-09-19 02:47:43.867187
trajectory = 2100 
mean W1 = -0.000048 
mean W2 = -0.028772 
std dev W1 = 0.032263 
std dev W2 = 0.177526 
min W2 = -0.325384 
max W2 = 0.250448 
p = 0.743104 

2017-09-19 02:48:30.797369
trajectory = 2110 
mean W1 = -0.000048 
mean W2 = -0.028497 
std dev W1 = 0.032296 
std dev W2 = 0.178353 
min W2 = -0.324813 
max W2 = 0.252156 
p = 0.000144 

2017-09-19 02:49:18.057339
trajectory = 2120 
mean W1 = -0.000048 
mean W2 = -0.029458 
std dev W1 = 0.032327 
std dev W2 = 0.178769 
min W2 = -0.325811 
max W2 = 0.251464 
p = 0.123936 

2017-09-19 02:50:05.785754
trajectory = 2130 
mean W1 = -0.000047 
mean W2 = -0.028905 
std dev W1 = 0.032366 
std dev W2 = 0.179172 
min W2 = -0.327308 
max W2 = 0.252234 
p = 0.086372 

2017-09-19 02:50:57.821573
trajectory = 2140 
mean W1 = -0.000043 
mean W2 = -0.029881 
std dev W1 = 0.032397 
std dev W2 = 0.179283 
min W2 = -0.328188 
max W2 = 0.250275 
p = 0.822223 

2017-09-19 02:51:50.286459
trajectory = 2150 
mean W1 = -0.000041 
mean W2 = -0.028812 
std dev W1 = 0.032444 
std dev W2 = 0.179958 
min W2 = -0.328686 
max W2 = 0.252375 
p = 0.855402 

2017-09-19 02:52:40.320791
trajectory = 2160 
mean W1 = -0.000043 
mean W2 = -0.027562 
std dev W1 = 0.032484 
std dev W2 = 0.180492 
min W2 = -0.328129 
max W2 = 0.254646 
p = 0.000711 

2017-09-19 02:53:28.246820
trajectory = 2170 
mean W1 = -0.000046 
mean W2 = -0.027665 
std dev W1 = 0.032517 
std dev W2 = 0.180841 
min W2 = -0.328062 
max W2 = 0.255943 
p = 0.095295 

2017-09-19 02:54:16.244683
trajectory = 2180 
mean W1 = -0.000049 
mean W2 = -0.028784 
std dev W1 = 0.032542 
std dev W2 = 0.181142 
min W2 = -0.328829 
max W2 = 0.255479 
p = 0.595132 

2017-09-19 02:55:04.054153
trajectory = 2190 
mean W1 = -0.000046 
mean W2 = -0.029420 
std dev W1 = 0.032574 
std dev W2 = 0.181518 
min W2 = -0.330847 
max W2 = 0.255519 
p = 0.139352 

2017-09-19 02:55:49.658340
trajectory = 2200 
mean W1 = -0.000046 
mean W2 = -0.030561 
std dev W1 = 0.032599 
std dev W2 = 0.181818 
min W2 = -0.332314 
max W2 = 0.255234 
p = 0.894963 

2017-09-19 02:56:43.149305
trajectory = 2210 
mean W1 = -0.000046 
mean W2 = -0.030881 
std dev W1 = 0.032628 
std dev W2 = 0.182556 
min W2 = -0.333974 
max W2 = 0.255776 
p = 0.999465 

2017-09-19 02:57:34.581649
trajectory = 2220 
mean W1 = -0.000044 
mean W2 = -0.031234 
std dev W1 = 0.032659 
std dev W2 = 0.182670 
min W2 = -0.335199 
max W2 = 0.255292 
p = 0.999024 

2017-09-19 02:58:28.489212
trajectory = 2230 
mean W1 = -0.000044 
mean W2 = -0.031703 
std dev W1 = 0.032688 
std dev W2 = 0.182884 
min W2 = -0.334764 
max W2 = 0.254659 
p = 0.457225 

2017-09-19 02:59:19.156813
trajectory = 2240 
mean W1 = -0.000044 
mean W2 = -0.032334 
std dev W1 = 0.032716 
std dev W2 = 0.183086 
min W2 = -0.336369 
max W2 = 0.254565 
p = 0.063679 

2017-09-19 03:00:12.511435
trajectory = 2250 
mean W1 = -0.000045 
mean W2 = -0.031552 
std dev W1 = 0.032742 
std dev W2 = 0.183115 
min W2 = -0.334606 
max W2 = 0.254526 
p = 0.870227 

2017-09-19 03:01:04.118867
trajectory = 2260 
mean W1 = -0.000047 
mean W2 = -0.030058 
std dev W1 = 0.032784 
std dev W2 = 0.183865 
min W2 = -0.334947 
max W2 = 0.257306 
p = 0.960807 

2017-09-19 03:01:58.292372
trajectory = 2270 
mean W1 = -0.000046 
mean W2 = -0.029020 
std dev W1 = 0.032821 
std dev W2 = 0.183794 
min W2 = -0.333304 
max W2 = 0.258696 
p = 0.662306 

2017-09-19 03:02:49.597552
trajectory = 2280 
mean W1 = -0.000046 
mean W2 = -0.029471 
std dev W1 = 0.032850 
std dev W2 = 0.184160 
min W2 = -0.333696 
max W2 = 0.259854 
p = 0.087619 

2017-09-19 03:03:39.390330
trajectory = 2290 
mean W1 = -0.000050 
mean W2 = -0.029700 
std dev W1 = 0.032866 
std dev W2 = 0.184438 
min W2 = -0.335533 
max W2 = 0.259723 
p = 0.997331 

2017-09-19 03:04:35.093621
trajectory = 2300 
mean W1 = -0.000046 
mean W2 = -0.031478 
std dev W1 = 0.032907 
std dev W2 = 0.184582 
min W2 = -0.338182 
max W2 = 0.256183 
p = 0.059459 

2017-09-19 03:05:28.276175
trajectory = 2310 
mean W1 = -0.000044 
mean W2 = -0.030806 
std dev W1 = 0.032938 
std dev W2 = 0.184926 
min W2 = -0.337937 
max W2 = 0.256968 
p = 0.034683 

2017-09-19 03:06:25.077145
trajectory = 2320 
mean W1 = -0.000043 
mean W2 = -0.031816 
std dev W1 = 0.032972 
std dev W2 = 0.185188 
min W2 = -0.338884 
max W2 = 0.256133 
p = 0.015607 

2017-09-19 03:07:17.641523
trajectory = 2330 
mean W1 = -0.000046 
mean W2 = -0.030580 
std dev W1 = 0.033003 
std dev W2 = 0.185530 
min W2 = -0.337558 
max W2 = 0.258080 
p = 0.000818 

2017-09-19 03:08:12.649185
trajectory = 2340 
mean W1 = -0.000046 
mean W2 = -0.030029 
std dev W1 = 0.033022 
std dev W2 = 0.185764 
min W2 = -0.336945 
max W2 = 0.258685 
p = 0.474427 

2017-09-19 03:09:09.190671
trajectory = 2350 
mean W1 = -0.000047 
mean W2 = -0.030420 
std dev W1 = 0.033055 
std dev W2 = 0.186172 
min W2 = -0.338211 
max W2 = 0.258244 
p = 0.998026 

2017-09-19 03:10:00.972261
trajectory = 2360 
mean W1 = -0.000048 
mean W2 = -0.030660 
std dev W1 = 0.033068 
std dev W2 = 0.186596 
min W2 = -0.338669 
max W2 = 0.257916 
p = 0.066007 

2017-09-19 03:10:52.057142
trajectory = 2370 
mean W1 = -0.000050 
mean W2 = -0.030052 
std dev W1 = 0.033090 
std dev W2 = 0.186903 
min W2 = -0.338015 
max W2 = 0.259607 
p = 0.021115 

2017-09-19 03:11:44.704826
trajectory = 2380 
mean W1 = -0.000047 
mean W2 = -0.029844 
std dev W1 = 0.033109 
std dev W2 = 0.187265 
min W2 = -0.338644 
max W2 = 0.259109 
p = 0.000171 

2017-09-19 03:12:41.644384
trajectory = 2390 
mean W1 = -0.000047 
mean W2 = -0.029108 
std dev W1 = 0.033135 
std dev W2 = 0.187367 
min W2 = -0.338040 
max W2 = 0.258867 
p = 0.000022 

2017-09-19 03:13:36.476394
trajectory = 2400 
mean W1 = -0.000048 
mean W2 = -0.030605 
std dev W1 = 0.033178 
std dev W2 = 0.187736 
min W2 = -0.338592 
max W2 = 0.257372 
p = 0.878694 

2017-09-19 03:14:30.422216
trajectory = 2410 
mean W1 = -0.000047 
mean W2 = -0.030570 
std dev W1 = 0.033197 
std dev W2 = 0.188119 
min W2 = -0.339863 
max W2 = 0.258138 
p = 0.004223 

2017-09-19 03:15:22.860169
trajectory = 2420 
mean W1 = -0.000045 
mean W2 = -0.030330 
std dev W1 = 0.033236 
std dev W2 = 0.188207 
min W2 = -0.339810 
max W2 = 0.258345 
p = 0.001273 

2017-09-19 03:16:19.394783
trajectory = 2430 
mean W1 = -0.000046 
mean W2 = -0.029639 
std dev W1 = 0.033279 
std dev W2 = 0.188390 
min W2 = -0.339283 
max W2 = 0.260210 
p = 0.360409 

2017-09-19 03:17:13.814255
trajectory = 2440 
mean W1 = -0.000045 
mean W2 = -0.029506 
std dev W1 = 0.033320 
std dev W2 = 0.189012 
min W2 = -0.339818 
max W2 = 0.260612 
p = 0.236299 

2017-09-19 03:18:13.345194
trajectory = 2450 
mean W1 = -0.000042 
mean W2 = -0.030186 
std dev W1 = 0.033343 
std dev W2 = 0.189094 
min W2 = -0.339566 
max W2 = 0.260239 
p = 0.999850 

2017-09-19 03:19:04.950113
trajectory = 2460 
mean W1 = -0.000041 
mean W2 = -0.029981 
std dev W1 = 0.033372 
std dev W2 = 0.189582 
min W2 = -0.340664 
max W2 = 0.260502 
p = 0.128819 

2017-09-19 03:19:58.767392
trajectory = 2470 
mean W1 = -0.000041 
mean W2 = -0.029297 
std dev W1 = 0.033407 
std dev W2 = 0.189853 
min W2 = -0.340299 
max W2 = 0.262809 
p = 0.907717 

2017-09-19 03:20:50.666613
trajectory = 2480 
mean W1 = -0.000041 
mean W2 = -0.029173 
std dev W1 = 0.033425 
std dev W2 = 0.190116 
min W2 = -0.340654 
max W2 = 0.262424 
p = 0.462539 

2017-09-19 03:21:45.294323
trajectory = 2490 
mean W1 = -0.000040 
mean W2 = -0.030867 
std dev W1 = 0.033450 
std dev W2 = 0.190450 
min W2 = -0.343137 
max W2 = 0.260774 
p = 0.993214 

2017-09-19 03:22:42.204924
trajectory = 2500 
mean W1 = -0.000041 
mean W2 = -0.030759 
std dev W1 = 0.033492 
std dev W2 = 0.190713 
min W2 = -0.342541 
max W2 = 0.260824 
p = 0.513713 

2017-09-19 03:23:37.946749
trajectory = 2510 
mean W1 = -0.000043 
mean W2 = -0.030325 
std dev W1 = 0.033514 
std dev W2 = 0.190959 
min W2 = -0.342238 
max W2 = 0.261427 
p = 0.312821 

2017-09-19 03:24:37.192826
trajectory = 2520 
mean W1 = -0.000043 
mean W2 = -0.030584 
std dev W1 = 0.033542 
std dev W2 = 0.191046 
min W2 = -0.342569 
max W2 = 0.262200 
p = 0.997973 

2017-09-19 03:25:37.298561
trajectory = 2530 
mean W1 = -0.000044 
mean W2 = -0.030656 
std dev W1 = 0.033583 
std dev W2 = 0.191362 
min W2 = -0.343859 
max W2 = 0.262232 
p = 0.338007 

2017-09-19 03:26:34.960647
trajectory = 2540 
mean W1 = -0.000044 
mean W2 = -0.030886 
std dev W1 = 0.033608 
std dev W2 = 0.191898 
min W2 = -0.346244 
max W2 = 0.261449 
p = 0.982059 

2017-09-19 03:27:34.110912
trajectory = 2550 
mean W1 = -0.000044 
mean W2 = -0.031232 
std dev W1 = 0.033633 
std dev W2 = 0.192098 
min W2 = -0.346207 
max W2 = 0.260916 
p = 0.990680 

2017-09-19 03:28:34.032767
trajectory = 2560 
mean W1 = -0.000043 
mean W2 = -0.031737 
std dev W1 = 0.033660 
std dev W2 = 0.192412 
min W2 = -0.347692 
max W2 = 0.260835 
p = 0.514911 

2017-09-19 03:29:31.682731
trajectory = 2570 
mean W1 = -0.000045 
mean W2 = -0.032403 
std dev W1 = 0.033704 
std dev W2 = 0.192735 
min W2 = -0.349095 
max W2 = 0.260710 
p = 0.025849 

2017-09-19 03:30:30.779201
trajectory = 2580 
mean W1 = -0.000045 
mean W2 = -0.032452 
std dev W1 = 0.033759 
std dev W2 = 0.193134 
min W2 = -0.348742 
max W2 = 0.261244 
p = 0.340742 

2017-09-19 03:31:29.131805
trajectory = 2590 
mean W1 = -0.000045 
mean W2 = -0.033059 
std dev W1 = 0.033774 
std dev W2 = 0.193471 
min W2 = -0.349538 
max W2 = 0.260567 
p = 0.820461 

2017-09-19 03:32:25.174836
trajectory = 2600 
mean W1 = -0.000046 
mean W2 = -0.033760 
std dev W1 = 0.033792 
std dev W2 = 0.193528 
min W2 = -0.349602 
max W2 = 0.258874 
p = 0.143866 

2017-09-19 03:33:24.759412
trajectory = 2610 
mean W1 = -0.000044 
mean W2 = -0.032616 
std dev W1 = 0.033820 
std dev W2 = 0.193780 
min W2 = -0.349327 
max W2 = 0.260449 
p = 0.425337 

2017-09-19 03:34:19.167062
trajectory = 2620 
mean W1 = -0.000046 
mean W2 = -0.031307 
std dev W1 = 0.033844 
std dev W2 = 0.193933 
min W2 = -0.347716 
max W2 = 0.261866 
p = 0.964101 

2017-09-19 03:35:15.423850
trajectory = 2630 
mean W1 = -0.000044 
mean W2 = -0.030842 
std dev W1 = 0.033878 
std dev W2 = 0.194588 
min W2 = -0.349298 
max W2 = 0.263877 
p = 0.998913 

2017-09-19 03:36:10.309322
trajectory = 2640 
mean W1 = -0.000044 
mean W2 = -0.030838 
std dev W1 = 0.033915 
std dev W2 = 0.195132 
min W2 = -0.349055 
max W2 = 0.264530 
p = 0.987972 

2017-09-19 03:37:09.268969
trajectory = 2650 
mean W1 = -0.000044 
mean W2 = -0.030819 
std dev W1 = 0.033944 
std dev W2 = 0.195313 
min W2 = -0.348840 
max W2 = 0.265351 
p = 0.000912 

2017-09-19 03:38:04.314188
trajectory = 2660 
mean W1 = -0.000047 
mean W2 = -0.030792 
std dev W1 = 0.033972 
std dev W2 = 0.195550 
min W2 = -0.349484 
max W2 = 0.264791 
p = 0.999381 

2017-09-19 03:39:00.983488
trajectory = 2670 
mean W1 = -0.000045 
mean W2 = -0.032277 
std dev W1 = 0.034007 
std dev W2 = 0.195992 
min W2 = -0.351290 
max W2 = 0.262610 
p = 0.005730 

2017-09-19 03:39:52.927887
trajectory = 2680 
mean W1 = -0.000044 
mean W2 = -0.032351 
std dev W1 = 0.034035 
std dev W2 = 0.196277 
min W2 = -0.350853 
max W2 = 0.263430 
p = 0.106420 

2017-09-19 03:40:48.369647
trajectory = 2690 
mean W1 = -0.000045 
mean W2 = -0.033462 
std dev W1 = 0.034056 
std dev W2 = 0.196339 
min W2 = -0.351550 
max W2 = 0.261639 
p = 0.999826 

2017-09-19 03:41:42.271438
trajectory = 2700 
mean W1 = -0.000039 
mean W2 = -0.033278 
std dev W1 = 0.034090 
std dev W2 = 0.196199 
min W2 = -0.350006 
max W2 = 0.261711 
p = 0.996924 

2017-09-19 03:42:36.182684
trajectory = 2710 
mean W1 = -0.000039 
mean W2 = -0.033304 
std dev W1 = 0.034121 
std dev W2 = 0.196436 
min W2 = -0.351383 
max W2 = 0.261472 
p = 0.893389 

2017-09-19 03:43:34.940178
trajectory = 2720 
mean W1 = -0.000039 
mean W2 = -0.033094 
std dev W1 = 0.034151 
std dev W2 = 0.196790 
min W2 = -0.351439 
max W2 = 0.262140 
p = 0.903853 

2017-09-19 03:44:36.127353
trajectory = 2730 
mean W1 = -0.000040 
mean W2 = -0.032061 
std dev W1 = 0.034171 
std dev W2 = 0.197491 
min W2 = -0.350936 
max W2 = 0.263472 
p = 0.046621 

2017-09-19 03:45:33.019603
trajectory = 2740 
mean W1 = -0.000040 
mean W2 = -0.032416 
std dev W1 = 0.034198 
std dev W2 = 0.197706 
min W2 = -0.351905 
max W2 = 0.263547 
p = 0.999896 

2017-09-19 03:46:28.269578
trajectory = 2750 
mean W1 = -0.000041 
mean W2 = -0.033485 
std dev W1 = 0.034212 
std dev W2 = 0.197810 
min W2 = -0.353273 
max W2 = 0.262116 
p = 0.571052 

2017-09-19 03:47:27.325387
trajectory = 2760 
mean W1 = -0.000043 
mean W2 = -0.034309 
std dev W1 = 0.034241 
std dev W2 = 0.197899 
min W2 = -0.354018 
max W2 = 0.261431 
p = 0.999836 

2017-09-19 03:48:24.221716
trajectory = 2770 
mean W1 = -0.000040 
mean W2 = -0.032404 
std dev W1 = 0.034272 
std dev W2 = 0.198336 
min W2 = -0.351918 
max W2 = 0.264893 
p = 0.755196 

2017-09-19 03:49:22.965577
trajectory = 2780 
mean W1 = -0.000039 
mean W2 = -0.031549 
std dev W1 = 0.034299 
std dev W2 = 0.198625 
min W2 = -0.350701 
max W2 = 0.266092 
p = 0.620991 

2017-09-19 03:50:26.288983
trajectory = 2790 
mean W1 = -0.000040 
mean W2 = -0.032273 
std dev W1 = 0.034326 
std dev W2 = 0.198851 
min W2 = -0.351490 
max W2 = 0.266026 
p = 0.488459 

2017-09-19 03:51:25.164188
trajectory = 2800 
mean W1 = -0.000038 
mean W2 = -0.032825 
std dev W1 = 0.034348 
std dev W2 = 0.199126 
min W2 = -0.352291 
max W2 = 0.264839 
p = 0.000642 

2017-09-19 03:52:21.286226
trajectory = 2810 
mean W1 = -0.000036 
mean W2 = -0.032208 
std dev W1 = 0.034378 
std dev W2 = 0.199332 
min W2 = -0.352545 
max W2 = 0.265992 
p = 0.999995 

2017-09-19 03:53:24.165759
trajectory = 2820 
mean W1 = -0.000034 
mean W2 = -0.031304 
std dev W1 = 0.034405 
std dev W2 = 0.199534 
min W2 = -0.351922 
max W2 = 0.267818 
p = 0.001928 

2017-09-19 03:54:19.938907
trajectory = 2830 
mean W1 = -0.000033 
mean W2 = -0.032074 
std dev W1 = 0.034419 
std dev W2 = 0.199815 
min W2 = -0.353968 
max W2 = 0.266989 
p = 0.979378 

2017-09-19 03:55:17.100640
trajectory = 2840 
mean W1 = -0.000031 
mean W2 = -0.031811 
std dev W1 = 0.034449 
std dev W2 = 0.200101 
min W2 = -0.353616 
max W2 = 0.267670 
p = 0.999923 

2017-09-19 03:56:17.265723
trajectory = 2850 
mean W1 = -0.000029 
mean W2 = -0.030457 
std dev W1 = 0.034478 
std dev W2 = 0.200360 
min W2 = -0.355057 
max W2 = 0.269335 
p = 0.000221 

2017-09-19 03:57:11.396315
trajectory = 2860 
mean W1 = -0.000028 
mean W2 = -0.030970 
std dev W1 = 0.034507 
std dev W2 = 0.200560 
min W2 = -0.356075 
max W2 = 0.268798 
p = 0.157810 

2017-09-19 03:58:08.422123
trajectory = 2870 
mean W1 = -0.000027 
mean W2 = -0.031061 
std dev W1 = 0.034523 
std dev W2 = 0.200735 
min W2 = -0.357873 
max W2 = 0.268698 
p = 0.001750 

2017-09-19 03:59:05.542469
trajectory = 2880 
mean W1 = -0.000028 
mean W2 = -0.029959 
std dev W1 = 0.034549 
std dev W2 = 0.200880 
min W2 = -0.357039 
max W2 = 0.269076 
p = 0.011237 

2017-09-19 04:00:08.644129
trajectory = 2890 
mean W1 = -0.000026 
mean W2 = -0.030581 
std dev W1 = 0.034576 
std dev W2 = 0.200978 
min W2 = -0.358163 
max W2 = 0.268036 
p = 0.046493 

2017-09-19 04:01:02.102156
trajectory = 2900 
mean W1 = -0.000027 
mean W2 = -0.032009 
std dev W1 = 0.034597 
std dev W2 = 0.201104 
min W2 = -0.360029 
max W2 = 0.266719 
p = 0.123883 

2017-09-19 04:02:00.145351
trajectory = 2910 
mean W1 = -0.000027 
mean W2 = -0.033068 
std dev W1 = 0.034633 
std dev W2 = 0.201178 
min W2 = -0.361397 
max W2 = 0.264644 
p = 0.999737 

2017-09-19 04:02:58.247268
trajectory = 2920 
mean W1 = -0.000026 
mean W2 = -0.033955 
std dev W1 = 0.034654 
std dev W2 = 0.201769 
min W2 = -0.362429 
max W2 = 0.264573 
p = 0.999895 

2017-09-19 04:03:56.239390
trajectory = 2930 
mean W1 = -0.000027 
mean W2 = -0.032917 
std dev W1 = 0.034680 
std dev W2 = 0.201770 
min W2 = -0.361517 
max W2 = 0.265895 
p = 0.007325 

2017-09-19 04:04:55.194705
trajectory = 2940 
mean W1 = -0.000028 
mean W2 = -0.033267 
std dev W1 = 0.034711 
std dev W2 = 0.202067 
min W2 = -0.362280 
max W2 = 0.265770 
p = 0.115121 

2017-09-19 04:05:54.093121
trajectory = 2950 
mean W1 = -0.000030 
mean W2 = -0.035489 
std dev W1 = 0.034746 
std dev W2 = 0.202204 
min W2 = -0.364729 
max W2 = 0.263532 
p = 0.999981 

2017-09-19 04:06:49.682543
trajectory = 2960 
mean W1 = -0.000029 
mean W2 = -0.034990 
std dev W1 = 0.034758 
std dev W2 = 0.202418 
min W2 = -0.365003 
max W2 = 0.264057 
p = 0.878115 

2017-09-19 04:07:50.822763
trajectory = 2970 
mean W1 = -0.000028 
mean W2 = -0.035149 
std dev W1 = 0.034790 
std dev W2 = 0.202759 
min W2 = -0.364907 
max W2 = 0.264762 
p = 0.989311 

2017-09-19 04:08:50.184731
trajectory = 2980 
mean W1 = -0.000028 
mean W2 = -0.035622 
std dev W1 = 0.034817 
std dev W2 = 0.202840 
min W2 = -0.366026 
max W2 = 0.264294 
p = 0.262867 

2017-09-19 04:09:51.413200
trajectory = 2990 
mean W1 = -0.000027 
mean W2 = -0.035206 
std dev W1 = 0.034837 
std dev W2 = 0.202867 
min W2 = -0.366539 
max W2 = 0.264744 
p = 0.999971 

2017-09-19 04:10:45.950603
trajectory = 3000 
mean W1 = -0.000026 
mean W2 = -0.033077 
std dev W1 = 0.034859 
std dev W2 = 0.203016 
min W2 = -0.364899 
max W2 = 0.267944 
p = 0.011873 

2017-09-19 04:11:45.064676
trajectory = 3010 
mean W1 = -0.000027 
mean W2 = -0.033232 
std dev W1 = 0.034876 
std dev W2 = 0.203272 
min W2 = -0.364865 
max W2 = 0.268945 
p = 0.999949 

2017-09-19 04:12:47.692723
trajectory = 3020 
mean W1 = -0.000028 
mean W2 = -0.033067 
std dev W1 = 0.034922 
std dev W2 = 0.203626 
min W2 = -0.365497 
max W2 = 0.270781 
p = 0.001876 

2017-09-19 04:13:48.063744
trajectory = 3030 
mean W1 = -0.000029 
mean W2 = -0.032576 
std dev W1 = 0.034953 
std dev W2 = 0.203843 
min W2 = -0.364670 
max W2 = 0.271370 
p = 0.936059 

2017-09-19 04:14:46.334485
trajectory = 3040 
mean W1 = -0.000030 
mean W2 = -0.033818 
std dev W1 = 0.034978 
std dev W2 = 0.203830 
min W2 = -0.365417 
max W2 = 0.269420 
p = 0.000101 

2017-09-19 04:15:43.234074
trajectory = 3050 
mean W1 = -0.000030 
mean W2 = -0.033564 
std dev W1 = 0.035002 
std dev W2 = 0.203907 
min W2 = -0.364803 
max W2 = 0.269072 
p = 0.002334 

2017-09-19 04:16:40.912272
trajectory = 3060 
mean W1 = -0.000029 
mean W2 = -0.033115 
std dev W1 = 0.035034 
std dev W2 = 0.204116 
min W2 = -0.363795 
max W2 = 0.271198 
p = 0.027324 

2017-09-19 04:17:37.151913
trajectory = 3070 
mean W1 = -0.000029 
mean W2 = -0.033233 
std dev W1 = 0.035039 
std dev W2 = 0.204300 
min W2 = -0.364346 
max W2 = 0.271227 
p = 0.003642 

2017-09-19 04:18:36.965332
trajectory = 3080 
mean W1 = -0.000033 
mean W2 = -0.033518 
std dev W1 = 0.035060 
std dev W2 = 0.204540 
min W2 = -0.365126 
max W2 = 0.270335 
p = 0.016386 

2017-09-19 04:19:40.756610
trajectory = 3090 
mean W1 = -0.000034 
mean W2 = -0.034395 
std dev W1 = 0.035080 
std dev W2 = 0.204531 
min W2 = -0.366748 
max W2 = 0.269773 
p = 0.340778 

2017-09-19 04:20:39.126430
trajectory = 3100 
mean W1 = -0.000034 
mean W2 = -0.035502 
std dev W1 = 0.035114 
std dev W2 = 0.204730 
min W2 = -0.367416 
max W2 = 0.269082 
p = 0.999998 

2017-09-19 04:21:35.695992
trajectory = 3110 
mean W1 = -0.000034 
mean W2 = -0.035836 
std dev W1 = 0.035142 
std dev W2 = 0.205144 
min W2 = -0.368139 
max W2 = 0.269825 
p = 0.979106 

2017-09-19 04:22:44.881419
trajectory = 3120 
mean W1 = -0.000033 
mean W2 = -0.036433 
std dev W1 = 0.035163 
std dev W2 = 0.205069 
min W2 = -0.367418 
max W2 = 0.267447 
p = 0.586690 

2017-09-19 04:23:43.626363
trajectory = 3130 
mean W1 = -0.000028 
mean W2 = -0.035233 
std dev W1 = 0.035195 
std dev W2 = 0.205372 
min W2 = -0.367610 
max W2 = 0.268882 
p = 0.030219 

2017-09-19 04:24:47.138152
trajectory = 3140 
mean W1 = -0.000029 
mean W2 = -0.035297 
std dev W1 = 0.035227 
std dev W2 = 0.205657 
min W2 = -0.368563 
max W2 = 0.268828 
p = 0.999812 

2017-09-19 04:25:51.817937
trajectory = 3150 
mean W1 = -0.000030 
mean W2 = -0.035413 
std dev W1 = 0.035239 
std dev W2 = 0.205873 
min W2 = -0.368451 
max W2 = 0.269700 
p = 0.999846 

2017-09-19 04:26:55.611394
trajectory = 3160 
mean W1 = -0.000032 
mean W2 = -0.036686 
std dev W1 = 0.035257 
std dev W2 = 0.205990 
min W2 = -0.369866 
max W2 = 0.268639 
p = 0.641166 

2017-09-19 04:27:51.543200
trajectory = 3170 
mean W1 = -0.000030 
mean W2 = -0.036290 
std dev W1 = 0.035288 
std dev W2 = 0.206090 
min W2 = -0.370086 
max W2 = 0.268554 
p = 0.995778 

2017-09-19 04:28:52.511345
trajectory = 3180 
mean W1 = -0.000030 
mean W2 = -0.036826 
std dev W1 = 0.035306 
std dev W2 = 0.206248 
min W2 = -0.371062 
max W2 = 0.268373 
p = 0.939713 

2017-09-19 04:29:52.212326
trajectory = 3190 
mean W1 = -0.000030 
mean W2 = -0.037910 
std dev W1 = 0.035315 
std dev W2 = 0.206534 
min W2 = -0.373153 
max W2 = 0.267867 
p = 0.951471 

2017-09-19 04:30:53.244694
trajectory = 3200 
mean W1 = -0.000031 
mean W2 = -0.038349 
std dev W1 = 0.035335 
std dev W2 = 0.206948 
min W2 = -0.373350 
max W2 = 0.268053 
p = 0.024450 

2017-09-19 04:31:50.999021
trajectory = 3210 
mean W1 = -0.000030 
mean W2 = -0.037827 
std dev W1 = 0.035359 
std dev W2 = 0.207169 
min W2 = -0.373838 
max W2 = 0.268678 
p = 0.752354 

2017-09-19 04:32:51.934761
trajectory = 3220 
mean W1 = -0.000032 
mean W2 = -0.036994 
std dev W1 = 0.035367 
std dev W2 = 0.207551 
min W2 = -0.372037 
max W2 = 0.269911 
p = 0.692544 

2017-09-19 04:33:54.195699
trajectory = 3230 
mean W1 = -0.000032 
mean W2 = -0.036454 
std dev W1 = 0.035391 
std dev W2 = 0.208066 
min W2 = -0.371701 
max W2 = 0.271063 
p = 0.000001 

2017-09-19 04:34:59.001739
trajectory = 3240 
mean W1 = -0.000032 
mean W2 = -0.036306 
std dev W1 = 0.035416 
std dev W2 = 0.208383 
min W2 = -0.371775 
max W2 = 0.271572 
p = 0.001050 

2017-09-19 04:35:58.586064
trajectory = 3250 
mean W1 = -0.000034 
mean W2 = -0.035607 
std dev W1 = 0.035438 
std dev W2 = 0.208851 
min W2 = -0.372034 
max W2 = 0.272227 
p = 0.066003 

2017-09-19 04:37:03.439174
trajectory = 3260 
mean W1 = -0.000034 
mean W2 = -0.035513 
std dev W1 = 0.035442 
std dev W2 = 0.209004 
min W2 = -0.371221 
max W2 = 0.272493 
p = 0.589520 

2017-09-19 04:38:09.012754
trajectory = 3270 
mean W1 = -0.000037 
mean W2 = -0.036756 
std dev W1 = 0.035458 
std dev W2 = 0.208920 
min W2 = -0.371284 
max W2 = 0.271594 
p = 0.809874 

2017-09-19 04:39:15.796228
trajectory = 3280 
mean W1 = -0.000037 
mean W2 = -0.036453 
std dev W1 = 0.035491 
std dev W2 = 0.208962 
min W2 = -0.371049 
max W2 = 0.272518 
p = 0.944322 

2017-09-19 04:40:16.335187
trajectory = 3290 
mean W1 = -0.000037 
mean W2 = -0.037585 
std dev W1 = 0.035523 
std dev W2 = 0.209404 
min W2 = -0.373221 
max W2 = 0.271331 
p = 0.730888 

2017-09-19 04:41:20.989220
trajectory = 3300 
mean W1 = -0.000038 
mean W2 = -0.037943 
std dev W1 = 0.035544 
std dev W2 = 0.209506 
min W2 = -0.374478 
max W2 = 0.271231 
p = 0.999100 

2017-09-19 04:42:23.353528
trajectory = 3310 
mean W1 = -0.000037 
mean W2 = -0.038320 
std dev W1 = 0.035576 
std dev W2 = 0.209785 
min W2 = -0.374095 
max W2 = 0.270909 
p = 0.073733 

2017-09-19 04:43:24.198402
trajectory = 3320 
mean W1 = -0.000036 
mean W2 = -0.037752 
std dev W1 = 0.035579 
std dev W2 = 0.210104 
min W2 = -0.373921 
max W2 = 0.272404 
p = 0.815768 

2017-09-19 04:44:28.621853
trajectory = 3330 
mean W1 = -0.000038 
mean W2 = -0.038020 
std dev W1 = 0.035603 
std dev W2 = 0.210285 
min W2 = -0.375274 
max W2 = 0.272341 
p = 0.223486 

2017-09-19 04:45:34.022946
trajectory = 3340 
mean W1 = -0.000041 
mean W2 = -0.038974 
std dev W1 = 0.035611 
std dev W2 = 0.210225 
min W2 = -0.374924 
max W2 = 0.271240 
p = 0.985842 

2017-09-19 04:46:38.339032
trajectory = 3350 
mean W1 = -0.000040 
mean W2 = -0.038316 
std dev W1 = 0.035641 
std dev W2 = 0.210448 
min W2 = -0.375050 
max W2 = 0.272437 
p = 0.431372 

2017-09-19 04:47:37.374038
trajectory = 3360 
mean W1 = -0.000041 
mean W2 = -0.038957 
std dev W1 = 0.035661 
std dev W2 = 0.210534 
min W2 = -0.375847 
max W2 = 0.270840 
p = 0.996323 

2017-09-19 04:48:41.351230
trajectory = 3370 
mean W1 = -0.000039 
mean W2 = -0.038761 
std dev W1 = 0.035689 
std dev W2 = 0.210557 
min W2 = -0.374141 
max W2 = 0.270716 
p = 0.999342 

2017-09-19 04:49:44.043174
trajectory = 3380 
mean W1 = -0.000038 
mean W2 = -0.038676 
std dev W1 = 0.035715 
std dev W2 = 0.210942 
min W2 = -0.374404 
max W2 = 0.271285 
p = 0.981945 

2017-09-19 04:50:46.912612
trajectory = 3390 
mean W1 = -0.000038 
mean W2 = -0.037716 
std dev W1 = 0.035726 
std dev W2 = 0.211014 
min W2 = -0.373424 
max W2 = 0.271259 
p = 0.997755 

2017-09-19 04:51:50.589882
trajectory = 3400 
mean W1 = -0.000039 
mean W2 = -0.037039 
std dev W1 = 0.035750 
std dev W2 = 0.211165 
min W2 = -0.373320 
max W2 = 0.271594 
p = 0.388505 

2017-09-19 04:52:57.266973
trajectory = 3410 
mean W1 = -0.000040 
mean W2 = -0.037303 
std dev W1 = 0.035757 
std dev W2 = 0.211400 
min W2 = -0.373688 
max W2 = 0.271869 
p = 0.977695 

2017-09-19 04:53:56.521565
trajectory = 3420 
mean W1 = -0.000040 
mean W2 = -0.037434 
std dev W1 = 0.035782 
std dev W2 = 0.211685 
min W2 = -0.374578 
max W2 = 0.271767 
p = 0.352920 

2017-09-19 04:55:02.643248
trajectory = 3430 
mean W1 = -0.000042 
mean W2 = -0.038066 
std dev W1 = 0.035790 
std dev W2 = 0.211689 
min W2 = -0.375382 
max W2 = 0.271744 
p = 0.264732 

2017-09-19 04:56:09.447203
trajectory = 3440 
mean W1 = -0.000042 
mean W2 = -0.037646 
std dev W1 = 0.035817 
std dev W2 = 0.211925 
min W2 = -0.375912 
max W2 = 0.272038 
p = 0.952185 

2017-09-19 04:57:11.965532
trajectory = 3450 
mean W1 = -0.000043 
mean W2 = -0.037401 
std dev W1 = 0.035842 
std dev W2 = 0.212058 
min W2 = -0.374830 
max W2 = 0.272557 
p = 0.996636 

2017-09-19 04:58:18.220490
trajectory = 3460 
mean W1 = -0.000041 
mean W2 = -0.037248 
std dev W1 = 0.035870 
std dev W2 = 0.212066 
min W2 = -0.374773 
max W2 = 0.271375 
p = 0.999959 

2017-09-19 04:59:24.735790
trajectory = 3470 
mean W1 = -0.000040 
mean W2 = -0.036551 
std dev W1 = 0.035895 
std dev W2 = 0.212267 
min W2 = -0.374716 
max W2 = 0.273308 
p = 0.169218 

2017-09-19 05:00:27.257116
trajectory = 3480 
mean W1 = -0.000038 
mean W2 = -0.037250 
std dev W1 = 0.035904 
std dev W2 = 0.212173 
min W2 = -0.373407 
max W2 = 0.272193 
p = 0.000051 

2017-09-19 05:01:30.356636
trajectory = 3490 
mean W1 = -0.000039 
mean W2 = -0.037672 
std dev W1 = 0.035947 
std dev W2 = 0.212343 
min W2 = -0.374981 
max W2 = 0.272567 
p = 0.998742 

2017-09-19 05:02:36.331578
trajectory = 3500 
mean W1 = -0.000040 
mean W2 = -0.036907 
std dev W1 = 0.035966 
std dev W2 = 0.212472 
min W2 = -0.374497 
max W2 = 0.274042 
p = 0.054396 

2017-09-19 05:03:42.926537
trajectory = 3510 
mean W1 = -0.000039 
mean W2 = -0.036156 
std dev W1 = 0.035981 
std dev W2 = 0.212502 
min W2 = -0.372890 
max W2 = 0.275051 
p = 0.063172 

2017-09-19 05:04:48.881204
trajectory = 3520 
mean W1 = -0.000037 
mean W2 = -0.036455 
std dev W1 = 0.035999 
std dev W2 = 0.212849 
min W2 = -0.373110 
max W2 = 0.275351 
p = 0.023605 

2017-09-19 05:05:49.931513
trajectory = 3530 
mean W1 = -0.000038 
mean W2 = -0.036419 
std dev W1 = 0.036022 
std dev W2 = 0.212881 
min W2 = -0.374141 
max W2 = 0.275364 
p = 0.998650 

